2026-02-07 08:59:13,505 WARNING passlib.handlers.bcrypt (trapped) error reading bcrypt version
Traceback (most recent call last):
  File "/usr/local/lib/python3.14/site-packages/passlib/handlers/bcrypt.py", line 620, in _load_backend_mixin
    version = _bcrypt.__about__.__version__
              ^^^^^^^^^^^^^^^^^
AttributeError: module 'bcrypt' has no attribute '__about__'
2026-02-07 09:04:38,997 WARNING passlib.handlers.bcrypt (trapped) error reading bcrypt version
Traceback (most recent call last):
  File "/usr/local/lib/python3.14/site-packages/passlib/handlers/bcrypt.py", line 620, in _load_backend_mixin
    version = _bcrypt.__about__.__version__
              ^^^^^^^^^^^^^^^^^
AttributeError: module 'bcrypt' has no attribute '__about__'
2026-02-07 09:21:38,482 WARNING passlib.handlers.bcrypt (trapped) error reading bcrypt version
Traceback (most recent call last):
  File "/usr/local/lib/python3.14/site-packages/passlib/handlers/bcrypt.py", line 620, in _load_backend_mixin
    version = _bcrypt.__about__.__version__
              ^^^^^^^^^^^^^^^^^
AttributeError: module 'bcrypt' has no attribute '__about__'
2026-02-07 11:35:56,599 WARNING passlib.handlers.bcrypt (trapped) error reading bcrypt version
Traceback (most recent call last):
  File "/usr/local/lib/python3.14/site-packages/passlib/handlers/bcrypt.py", line 620, in _load_backend_mixin
    version = _bcrypt.__about__.__version__
              ^^^^^^^^^^^^^^^^^
AttributeError: module 'bcrypt' has no attribute '__about__'
2026-02-07 11:39:37,199 WARNING passlib.handlers.bcrypt (trapped) error reading bcrypt version
Traceback (most recent call last):
  File "/usr/local/lib/python3.14/site-packages/passlib/handlers/bcrypt.py", line 620, in _load_backend_mixin
    version = _bcrypt.__about__.__version__
              ^^^^^^^^^^^^^^^^^
AttributeError: module 'bcrypt' has no attribute '__about__'
{"timestamp": "2026-02-07T12:10:34.814343+00:00", "level": "INFO", "logger": "app.endpoint", "message": "Endpoint call started", "extra": {"taskName": "Task-3", "event": "endpoint_start", "endpoint": "src.auth.routers.login"}}
{"timestamp": "2026-02-07T12:10:34.815388+00:00", "level": "INFO", "logger": "app.service", "message": "Service call started", "extra": {"taskName": "Task-3", "event": "service_start", "service": "src.auth.services.AuthService.login"}}
{"timestamp": "2026-02-07T12:10:34.904246+00:00", "level": "WARNING", "logger": "passlib.handlers.bcrypt", "message": "(trapped) error reading bcrypt version", "extra": {"taskName": "Task-3"}, "exception": "Traceback (most recent call last):\n  File \"/usr/local/lib/python3.14/site-packages/passlib/handlers/bcrypt.py\", line 620, in _load_backend_mixin\n    version = _bcrypt.__about__.__version__\n              ^^^^^^^^^^^^^^^^^\nAttributeError: module 'bcrypt' has no attribute '__about__'"}
{"timestamp": "2026-02-07T12:10:35.184458+00:00", "level": "INFO", "logger": "app.service", "message": "Service call completed", "extra": {"taskName": "Task-3", "event": "service_ok", "service": "src.auth.services.AuthService.login", "duration_ms": 369.07}}
{"timestamp": "2026-02-07T12:10:35.185318+00:00", "level": "INFO", "logger": "app.endpoint", "message": "Endpoint call completed", "extra": {"taskName": "Task-3", "event": "endpoint_ok", "endpoint": "src.auth.routers.login", "duration_ms": 371.03}}
2026-02-07 12:14:46,502 INFO app.endpoint Endpoint call started
2026-02-07 12:14:46,503 INFO app.service Service call started
2026-02-07 12:14:46,558 WARNING passlib.handlers.bcrypt (trapped) error reading bcrypt version
Traceback (most recent call last):
  File "/usr/local/lib/python3.14/site-packages/passlib/handlers/bcrypt.py", line 620, in _load_backend_mixin
    version = _bcrypt.__about__.__version__
              ^^^^^^^^^^^^^^^^^
AttributeError: module 'bcrypt' has no attribute '__about__'
2026-02-07 12:14:46,820 INFO app.service Service call completed
2026-02-07 12:14:46,821 INFO app.endpoint Endpoint call completed
[2026-02-07 12:34:18,404] [INFO] app.endpoint Endpoint call started
[2026-02-07 12:34:18,405] [INFO] app.service Service call started
[2026-02-07 12:34:18,888] [INFO] app.service Service call completed
[2026-02-07 12:34:18,889] [INFO] app.endpoint Endpoint call completed
[2026-02-07 12:41:04,323] [INFO] app.endpoint Endpoint call started src.auth.routers.login(payload: src.auth.schemas.UserLogin, session: sqlalchemy.ext.asyncio.session.AsyncSession = Depends(dependency=<function get_session at 0x76b4875d6820>, use_cache=True, scope=None)) -> src.auth.schemas.Token
[2026-02-07 12:41:04,323] [INFO] app.service Service call started
[2026-02-07 12:41:04,687] [INFO] app.service Service call completed
[2026-02-07 12:41:04,688] [INFO] app.endpoint Endpoint call completed src.auth.routers.login(payload: src.auth.schemas.UserLogin, session: sqlalchemy.ext.asyncio.session.AsyncSession = Depends(dependency=<function get_session at 0x76b4875d6820>, use_cache=True, scope=None)) -> src.auth.schemas.Token
[2026-02-07 12:43:24,010] [INFO] app.endpoint Endpoint call started src.auth.routers.login
[2026-02-07 12:43:24,010] [INFO] app.service Service call started
[2026-02-07 12:43:24,425] [INFO] app.service Service call completed
[2026-02-07 12:43:24,426] [INFO] app.endpoint Endpoint call completed src.auth.routers.login (416.18 ms)
[2026-02-07 12:46:29,547] [INFO] app.endpoint Endpoint call started src.auth.routers.login
[2026-02-07 12:46:29,549] [INFO] app.service Service call started src.auth.services.AuthService.login
[2026-02-07 12:46:29,951] [INFO] app.service Service call completed src.auth.services.AuthService.login (0.40 s)
[2026-02-07 12:46:29,952] [INFO] app.endpoint Endpoint call completed src.auth.routers.login (0.40 s)
[2026-02-07 12:55:43,953] [INFO] app.endpoint Endpoint call started src.auth.routers.login
[2026-02-07 12:55:43,954] [INFO] app.service Service call started src.auth.services.AuthService.login
[2026-02-07 12:55:44,273] [INFO] app.service Service call completed src.auth.services.AuthService.login (0.32 s)
[2026-02-07 12:55:44,274] [INFO] app.endpoint Endpoint call completed src.auth.routers.login (0.32 s)
[2026-02-07 12:58:51,655] [INFO] app.endpoint Endpoint call started src.auth.routers.login
[2026-02-07 12:58:51,656] [INFO] app.service Service call started src.auth.services.AuthService.login
[2026-02-07 12:58:51,839] [INFO] app.service Service call completed src.auth.services.AuthService.login (0.19 s)
[2026-02-07 12:58:51,840] [INFO] app.endpoint Endpoint call completed src.auth.routers.login (0.19 s)
